7971be74860737b07558d3adb7fbcb0d firestats-gregarius.php
86af02ce9acffe34008d262b6d6d5e63 php/page-sites.php
c0549604ebd70ab9535feb4d221f1866 php/searchengines.php
9800ec7f270bd64bd3dfeeccf962b655 php/version-check.php
2e202fb286038aa477e947ab4caa11fe php/hit.php
da8beba53075eaa73823b63f05835591 php/help-window.php
51aeeda591b76a73f07f94b8a269d80d php/page-add-admin.php
3e17a08a14753efaab97152c38b531be php/firestats-hit.php
48538779d22a9629fe51c651b4e2c785 php/botlist.txt
f539f5c523ec1552e9da0bba6d7d0ac1 php/page-settings.php
eb28c3dea9967b2898300af6823ed955 php/db-sql.php
969e0a2c9f56ad7ebcf6e8fa473d4cb7 php/plugins.php
7ecb371582616c50b1c45471217a9b0d php/auth.php
0359a5533a2b7577b32d9a2f37543a98 php/window-edit-user.php
e639a76902c1c6b8fb230c354447210e php/init.php
233923074a80cf39f868a30d11745f3d php/window-delete-user.php
e712f2160cb8bfd042a55120ec8559ac php/window-new-edit-site.php
95423fedc4b176e039c0e29500b4d945 php/whois.txt
3c37bc457364f89950bdfc2eb2c2ea01 php/session.php
2d42b63eab3d6773e8dbfed9e1c3a0e2 php/db-setup.php
3655b6226f87c4b1585ca9a05a22e3ea php/window-do-you-agree-to-send-sysinfo.php
dbcc7b53ea32be714881374bb62f7b6c php/import-bots-list.php
e131dd33ba652fd8bcf95185be18b7a2 php/commit-pending.php
61b057dcc60a7ace42bcbc00f2fbc74c php/header.php
682d6ae0480a6a514105ffa562d13974 php/page-users.php
6797c1f5376b31c323d2a7d5e778b864 php/page-tools.php
c46736079804b510b31da19300b0bfb6 php/tabbed-pane.php
9a2fa73b7836ce2da750fa3779d587d1 php/page-stats.php
a7535643899274e006bcd262b6aa0fc5 php/window-delete-site.php
78b06b15f0169e04e3f8e1358fba9b2a php/fs-gettext.php
2f6d860df02d0421b06016172dc7363d php/page-wordpress-settings.php
92af97c88f2b1b83d55e2228c53b73c9 php/window-add-excluded-url.php
978de46e0548f7dce6d917eccfb739ea php/window-donation.php
58507ca27dc7c9135539943579f6112f php/rebuild-db.php
aec7f2b185ff68f778b84c0328b98222 php/db-config-utils.php
589cb4c38a8a8716adce973c33c4883b php/timezones.txt
121dcec11353fb9a7d013e7420098145 php/export-bots-list.php
96665dc8f0a4efa1bb611e6ee1f7d6d0 php/utils.php
c1ad49210fc6942ce5c0e1b32868181f php/upgrade/upgrade_10.php
ab58b29eec9a554faddefb2382b22ba0 php/upgrade/upgrade_12.php
6b9c42874349206acb5446f7644fd6ce php/upgrade/upgrade_16.php
aa6d5fc99ae42b8b2093c2c86a342a10 php/upgrade/upgrade_13.php
3a415f6c685e8c596b746c540abedd47 php/upgrade/upgrade_15.php
c557240432c5e86ea1efafb31538dfdc php/upgrade/upgrade_11.php
a7132917a6121081cca092d516c375fe php/upgrade/upgrade_14.php
938cda33caf5b25ea0c2f0f96a8de9a4 php/footer.php
8a8c0daed63e4839372722e59345e110 php/commit-pending-impl.php
45399643d420666ceaac18a688962e88 php/layout.php
0f1389e8f728642ef6b83ddc63bd9a9e php/window-archive-notification.php
770073d8ba78d402f9fee2771fafda7f php/ip2country.php
bf755fc6aca565816fba4f70a8ba27b3 php/db-hit.php
e128fd8d57c03a390083ba1be769abec php/window-add-excluded-ip.php
96cf2bbcf4649ed31fedefbf9452b1e5 php/tools/get_config.php
2b3fc1cd7a822b1244e49ddda2c6b7ed php/tools/emergency-manage-users.php
2e1f59d9d9e690aa3dc73e524bd73ee1 php/tools/clean-sessions.php
3339ab7d9d0c3af6ff8d80d722951632 php/tools/system_test.php
8ce83da9de277e42386e8e0b85b61e16 php/tools/wpmu-delete-orphans.php
d481ed413b1649566bd9b5615e0eb09e php/tools/reset-password.php
dd9babe38d599fbb5e632710803be530 php/db-common.php
4a95a69ab997ce0dd55d1c9b09c84b73 php/browsniff.php
3f86096c6f605a4b03b66bae519751ae php/page-database.php
e6427a8717950b0e291601e0b4f4fef9 php/html-utils.php
1c456e01950161c5746d0763aa931cc6 php/api.php
a2048e20d41dac49519094740f4d0387 php/constants.php
9456893f742bce65aa598bd7088120b6 php/errors.php
a4afd1df836b8075f1e1b44a1a614c0e php/ajax-handler.php
75d60e251d1e7baa9ca5e8c693969319 php/tools-menu.php
d88bd3fc08636c373e25370d2aa7c8c4 firestats.info
940a0fef69975aef1bf9f7126d2508e8 sample-conf.php
2059bbd3e5dafb6f77a8a88381fea4c2 bridge.php
6298511b983a60823a4798ce96e22818 firestats-joomla-1.0.zip
01601fdf3a95efd4ed181f42f884e751 README
c223110641627b807ddf1162ce4e362c changelog.txt
788acb0d9a1cc3d69234da78aa834e52 tools.php
3f5137632bc9d55d1e7cba6b775387c1 index.php
2b0566fa64add26362ea29de02651ebd i18n/firestats-hu_HU.po
5fce151900c0733d680106db96d1e768 i18n/firestats-fr_FR.po
22a6e9501063b3ec6f6d52f59d4722cd i18n/firestats-ro_RO.po
52ecad6ed22b953e773de25122d252bf i18n/firestats-nb_NO.po
dca84d98a2bd6882364b5ecbe8a5dcde i18n/firestats-dk_DK.po
0bf843be2a7697525f2dc84c286cee94 i18n/firestats-az_AZ.po
d07ac122a98732dd1e61796249c531a7 i18n/firestats-tr_TR.po
170af084adfd993c8cd9a83f754a5c8f i18n/firestats-sv_SE.po
67e5043658f0364bfa31a4f445dc30c0 i18n/firestats-nl_NL.po
9286fa39510e5224ff27d0c40a90b182 i18n/firestats-cs_CZ.po
969e9e1c2db89566262943ef17fdd531 i18n/firestats-he_IL.po
cbab258081de9c44886b9aa01eb69547 i18n/firestats-uk_UK.po
22970847b361c68472056f2e78c32450 i18n/firestats-de_DE.po
60957c0e32c578aa31a1c5214755abe8 i18n/firestats-it_IT.po
23865b2f533b627797170d73f64ba545 i18n/firestats-si_SI.po
fd6211c6363b677f582c19821912cfa4 i18n/firestats-pt_BR.po
eae186cd424feffa89a434bb92281893 i18n/firestats-lt_LT.po
69300f8cce53a9e6d99398e594d10c45 i18n/firestats-es_ES.po
883f6e73f2a1774d358b36087d0a64ea i18n/firestats-ru_RU.po
755c71d9b754d544ac2166f56393ce9e i18n/firestats-pl_PL.po
2ec16c9723d5c146a37b6e02cf73de3f i18n/firestats-lv_LV.po
aee0096ff9fd6e113baf4d90c9c0c548 i18n/firestats-zh_CN.po
551e504df764b163a4a79aa05e316eb9 i18n/firestats-ja_JP.po
3b815989f1dfa1a82d348ef5b37d8d7d integration/joomla/joomla-1.0/firestats-joomla-1.0.php
8f52b45083fab3edc0f0421e2e26438e integration/joomla/joomla-1.0/firestats-joomla-1.0.xml
9f27d6ae93b4edc0320c604888d328d1 integration/joomla/joomla-1.5/firestats_joomla.xml
baff33f1801f7ee6aff6997880f4fe56 integration/joomla/joomla-1.5/firestats_joomla.php
13250933c1382e222d7cfbdc1cad159f integration/C#/cs_hit.cs
3282931cc691e1443822148356a07936 integration/django/README
0cc79f87f404448e4996ef32a5befc53 integration/django/firestats.py
afb49d0e00fc026205dd94be0e3abdf9 integration/django/TODO
e464ee064c2a6f4b4bb09030f3ef4223 integration/trac/firestats/hitlogger.py
b345bfed186aef165d0c504a740f1195 integration/trac/firestats/__init__.py
18eb6e0af2a48557d931950ac20b84ec integration/trac/setup.py
8b6f3f79b99cccfece19811e819bd82e integration/mediawiki/firestats-mediawiki.php
848717db3a9cce071096c2c51d7685c8 firestats-joomla-1.5.zip
2034cc3fcb4660a8cc9d9747e795d7c0 img/date.png
d7ad8754a7bca265b2df957a813bd1a8 img/hourglass.png
452d0edab0887f97cd553016f105258c img/firestats-icon.png
93c047549c31a270a037840277cf59d3 img/delete.png
ce73ec3d6b50b8163fb815efb8b20da8 img/minus.gif
7ec8235af994e709a893177edf544d85 img/left-arrow.png
39b94a7be7d0d5c546c408c4581484ef img/clear.png
bee92242c3c15aadb0fb47b42e548a26 img/down-arrow.png
71376385e11fbda354d7074b928f894d img/plus.gif
7fffd4f1acabc2ccc890049e48587e8a img/flags/is.png
8618709a45d8d1c4d9d254c61bdf29b8 img/flags/ca.png
1cdfaaa10ff170ce19ed46339efe3af6 img/flags/ee.png
40b7fb1a4c1ebb076d40f0df5c6fd59a img/flags/pr.png
b36ce71226fad4da67764e05b800292b img/flags/tm.png
73763e46da896f3e951954ad473b4a4b img/flags/et.png
9627317fe9a5757ee8c06df7d8e8a887 img/flags/fk.png
3b6d8d720721f68ceb465249aad32b27 img/flags/lr.png
42c7ca83721190322499c94d7ff2ae26 img/flags/wales.png
aa40721b7a179f6c9c8f666a64063767 img/flags/ge.png
3f9d6e8cba5fd7cb8c201acfe9b7bc15 img/flags/ly.png
c846788492ef1188f631113bd8cced5c img/flags/tz.png
50733ccc670058e9a737b652089287ca img/flags/tc.png
4e90c553f186c9776976b5b11dba4ea4 img/flags/lk.png
2e0485cdb9ca8240c9fc372e4cef0eb7 img/flags/kw.png
60eec8d579d55ea0f2ec62d837c104d2 img/flags/vc.png
dad5d86f0d90cca0ff4ab5332d7fd7fc img/flags/lb.png
35eb1d9b882111ccec5f58cd778364bf img/flags/gw.png
481d394ac9a44f3040f7c457fc1f23a6 img/flags/er.png
70f64b2b38b8a21152e7446a1b3e1133 img/flags/gq.png
7ef7a6f5def3a4117d5c2f08e37008ff img/flags/ua.png
08ca19897a469ac474b8facdf6f42426 img/flags/readme.txt
2fba49c88880e9ffcff947015cb7ab9c img/flags/hm.png
c1cf1874c3305e5663547a48f6ad2d8c img/flags/gf.png
a7d785fa41e66a5e6d82301688686f20 img/flags/gm.png
6e82279ceb4702171f345fead7ff3e35 img/flags/aw.png
2d058f7cea364d247fee5bb53fe70390 img/flags/gu.png
5bbf6106968b2517d924bac4d99b41bd img/flags/bh.png
8af65159c137a6a7ed3d1bc9c2eed18b img/flags/sg.png
703ced92b97cc2713038f0d50ee5a0f0 img/flags/ki.png
ac9242c256af7800a223bdcbf0798f57 img/flags/hn.png
90e8d52c215176bb04b7453b84e6fa43 img/flags/ci.png
5aea24a18ca7e8b65770dcf2a738dd08 img/flags/mg.png
b5360c0f01d574333b3bfa27c3dce856 img/flags/ht.png
0894999b108830afc0733ee7b6e08310 img/flags/gb.png
cd28a01f91e89fa2b844857642fd5fb7 img/flags/cr.png
5b672e3ee63317614288615ba0774bf7 img/flags/rs.png
b9d3d10b185a3144e21a452903857870 img/flags/py.png
10958397bc7c25c746e6e122365c003c img/flags/jp.png
af85286bf1cadae9c2c636fe83195251 img/flags/th.png
2ac099e190547501704d309d59831d2b img/flags/ir.png
cf63c15bf955e54afed8061497c7f7ea img/flags/kr.png
f29741d622fe02759bb7a2a91eb5e2e0 img/flags/cy.png
0eaa3e8dc84bae9283a9969f2e360080 img/flags/kp.png
0b36de21772c8d87e1d0106878b65231 img/flags/fam.png
a0886eca3ef87d646af1514d025752f6 img/flags/sy.png
0ca5a4db2ac11c8a5cb57701b18b8088 img/flags/gi.png
cc750844215aed20b2b05c10d6082b0d img/flags/ad.png
617997cbcaafaea0035a4c0474ae16dd img/flags/mk.png
d816170967c67a98db73cd89c56014fd img/flags/gy.png
50d62cba8134c8c097d073646cda1b9b img/flags/in.png
4db37e9044c342fb819515d13768e058 img/flags/cs.png
822034b39b46abaa91127f8342092a32 img/flags/li.png
15d59270fb25d9e467d5a730682c5644 img/flags/bw.png
9dd19e8da30782b2bfb9b5a0d1c51e8b img/flags/jo.png
e414980c55af38676c5312bd330d6bb9 img/flags/md.png
acba9c908c29db8aa890b6a20265ac22 img/flags/gn.png
6d51066ba152b15fd05d761745333135 img/flags/kz.png
948dd15821a6fe45b0df8667b6601ead img/flags/mh.png
ce868fde2d77788a669001995f4b73df img/flags/to.png
252d14145f4c47374a3e0bc2bb8ae0bf img/flags/cf.png
8ff2d08518d3e1224d34467f5e24fcc2 img/flags/ph.png
6fec556dd8bd936ca706b0d7cc864993 img/flags/tv.png
357152ed37ece2a45a7d57c5bf30ab3c img/flags/ke.png
6c1cc8a1babe91421a38ddc573ee7cb4 img/flags/mr.png
a135fcdefe8a391b416bdb102476e12b img/flags/il.png
12da850e724de5ff779572bbdb8ded71 img/flags/gh.png
54c40b8a9ad7df4783d19acc05910f8e img/flags/br.png
5b8ab69ac52129bd32a3927f1b94d170 img/flags/pt.png
f2eccd65605d8babcdd3af4b01215ecc img/flags/ne.png
6c8d3f6c96bcd5d34a0bae497d0e13ca img/flags/td.png
ebbfb19d79975289e7a9cbb12caf0a23 img/flags/cc.png
7d7d682a9dc9f2a26a6dea1fdb87334f img/flags/an.png
cbb6ce46c69e14bbd8d2c8fd91680d33 img/flags/ba.png
3be0b3a6096e9d77d9d7b997d464e612 img/flags/lu.png
5c62720575f914ffff9fe06e2b9c1b95 img/flags/tg.png
39650e922851e1b72165d7b016dc3b44 img/flags/sc.png
c228783a0785a8541d96d5515a2a16cf img/flags/ls.png
ae9947d99c48894d1d1824d624361eb9 img/flags/tn.png
ddabae687ecae5edaaeb808d440543e6 img/flags/de.png
972da84bdea1359d69c719a37d89d219 img/flags/ga.png
9ead47e1d48627b1806cd992b62c8c2b img/flags/tt.png
7a2ee5d7f1bc5ef478106a86d2c1cc09 img/flags/me.png
e30bd2493de78c998d1ac6c22d20146b img/flags/fi.png
093e76da6759647c331ea75ef1ba9da0 img/flags/tl.png
17e134aa84a076bf5541f5d11c616e5d img/flags/ug.png
fd5d9d1d864ea76406afec5e11f2632f img/flags/am.png
7dd5a46a34bee2f10532f1213a941d7b img/flags/eh.png
8f9aca73767b8e7876c72add438a6007 img/flags/sr.png
d3767ea95466571e10c7e563d456d754 img/flags/fm.png
c1dc363a27f5b5d19e24032747d7bedf img/flags/qa.png
fed538f9c8cd0500a6a655b55426744c img/flags/id.png
b972f90fea3369c020d258d1b860a6e0 img/flags/sd.png
9e18ac464c49a91d90eaf11ad21357e9 img/flags/by.png
c37b82a52cdf80492ee94dc7f46256cf img/flags/vu.png
3aee24fa5f6a85f5ce452001182fdccc img/flags/ve.png
151854ff619d7a44894a37b5be73f463 img/flags/bo.png
9ca8f3d9b1b1101d30a4555c997e871b img/flags/uy.png
cc65efa74cd7367933ecd52115204b2d img/flags/bf.png
4bd223b284a0900cda6826ee656c5333 img/flags/co.png
8efc55a14b900c47f4b920c4510f192f img/flags/cx.png
2fa357868e66f1aec9c4c4230baa45b3 img/flags/ar.png
6c6fce8a6fd09c340964b00c5e82a8c3 img/flags/hu.png
2f13e87c1868b03b0b47cd0bb60737d5 img/flags/bt.png
1d2b8e369b2d4384d1ab4b24315fa139 img/flags/mw.png
e582101531b620fb0138c83602aab920 img/flags/na.png
493642ad6bf3a344602fe006e7d44fa2 img/flags/va.png
d038c9c152c5e14f875c7b13afcd4711 img/flags/ro.png
73f2f220f6d51d249e45a04d9a03da91 img/flags/england.png
76991f3da407b7dec2603ff86f1b9724 img/flags/catalonia.png
ba41b8c349070250f814188080c2a8e8 img/flags/pm.png
5a7edc7e4492629ea5ce24b830839d32 img/flags/sk.png
c1cf1874c3305e5663547a48f6ad2d8c img/flags/re.png
ec69def9e77d23446867caeb4a5223b1 img/flags/zm.png
ab272a50ea656512c036c001fcaca61c img/flags/st.png
7c3e78e31bb34b0fafbb0865737f8d36 img/flags/fj.png
da2c56cc2568d516031e3082713fd90c img/flags/ky.png
3b510d36dc70edd5b301da8096c9b71c img/flags/gs.png
bef92348e3ea38dc462326e1ba2ff622 img/flags/rw.png
79ef17575149f2663df51419f39feff2 img/flags/vg.png
37e4bdb64229f4624cacec7d4297214d img/flags/uz.png
2fb04b74787698835b63a46cbdef6fab img/flags/nr.png
c57f3c0951ba1525b3359fc0acbfd6b1 img/flags/dz.png
27708378fcc025e375fd3c303fc1cbd6 img/flags/ax.png
52c16445053df13abb08cedbe82f1f28 img/flags/np.png
8658c066eb4f9d6c15efb31a821b482c img/flags/kh.png
e707aacb0986ad7a4a60ab8d82cf093d img/flags/sh.png
929b9802e7bfb58bab0330a4c6925595 img/flags/mp.png
896fb1a34638a76361d4307668cd5414 img/flags/tk.png
559ce5baaee373db8da150a5066c1062 img/flags/sj.png
d63f5c99e25eca9de2a97f63161f38e6 img/flags/az.png
85845da8ae28e94f2885ceeb16515dd0 img/flags/dm.png
7a7ee4f98185ecfb6e1ba753aa6f2111 img/flags/mt.png
48d5cbc23fedfbb77b06ed0e9b04522f img/flags/mu.png
2404b88a07bdb7aef652eec0f6fce287 img/flags/be.png
f096727a7612c065259c6334b61a8b6a img/flags/kn.png
6339bdf0e24c871301d1fc0207e2685f img/flags/mo.png
5cc548d1858d19f336ca7390b381ad07 img/flags/tj.png
47c8aea417660e5f4e8b5a7a73f2cb18 img/flags/bb.png
7b002bc8c4ab1a85c2c807ec2c4442d2 img/flags/om.png
559ce5baaee373db8da150a5066c1062 img/flags/bv.png
eca5bebe6e4dbc9eb858d4f58ea3f9de img/flags/scotland.png
fd9b321b80be31c027585c8992f1799f img/flags/gr.png
e1c0f262c141e8615f819b1cd18393d3 img/flags/my.png
c1cf1874c3305e5663547a48f6ad2d8c img/flags/fr.png
0d31ef75adef220e73f0cb93a84a7422 img/flags/ru.png
638136b1a6f5dab7be6cec84fcc2cd53 img/flags/vn.png
18c05f2c79f8774bbb201593b20a06e2 img/flags/lc.png
68183f64328d121a9ee77a92319bbfcd img/flags/ws.png
7391e6b6df7b181d51ffeb2a5a6d7bd4 img/flags/ae.png
0e41af2b3ca03d145e7665d0821931fa img/flags/tw.png
e7ae0b7e3c49a5a775a9d6854912e21a img/flags/zw.png
98e1044d0ffd11afc67a79f3676ba97a img/flags/za.png
41a8aa1e11f7086d2413d8d9a777680b img/flags/ao.png
e97675a21b5280b9cb4c1fc99aab004f img/flags/sz.png
fe926c8271b35febf4a6cb0a41b111eb img/flags/dk.png
0152114421e281913d0c1c148e196c92 img/flags/ec.png
31ea1f705854ad57c432845068bd05d3 img/flags/tr.png
09c48d3562f0dc51e2f9507704f6437f img/flags/eg.png
479a865f838c70d654a9f818a23f9a7d img/flags/mx.png
6e14aaafe632fe367409415545c27e73 img/flags/bz.png
4c01f06db23324267e2802dcade3572f img/flags/se.png
559ce5baaee373db8da150a5066c1062 img/flags/no.png
f0f12f4afaccb13ea40e15f3b81c5921 img/flags/um.png
e67b19a7767114078cda2b3c874a5d5b img/flags/ch.png
73904ec1cf4f0be282693c4e954e5821 img/flags/sl.png
cf195bf1921659202cf8ae899e9171d0 img/flags/bm.png
968591e0050981be9fa94bd2597afb48 img/flags/us.png
153949105845e18a133a4c778b3de31e img/flags/do.png
0c506131e1841cee782e4faf5cec89a9 img/flags/ng.png
427c72cd341f288faf0e62f03586c7ba img/flags/bi.png
784f7eb333f0591558bcce9616a3c105 img/flags/it.png
6ffae4cc65036d3de052a58e062d1ed7 img/flags/lv.png
67bd2e990cc7e3dc5bbae821fd38f20c img/flags/bj.png
d0e6b0a3fdb4e2271b5b5057bd969966 img/flags/fo.png
4911cd2a8fae48d82f9ce124d908be3c img/flags/bn.png
be5fb2cd33e8df13e0b2f2feffb9373f img/flags/mq.png
cc942486999d072021c0b3582306f834 img/flags/km.png
95b8b79fafc6b1510978977bc8067b46 img/flags/gd.png
b5bed6c75a72dc56f8eb8c559d437f59 img/flags/cg.png
dc7b3be27813faeb454d02b55b79b9e3 img/flags/cl.png
073b6bf37f6eefe07145d9dd89bc9e7d img/flags/gl.png
8b45f84cb140ec2448692187a82abfc7 img/flags/bs.png
f7ccbaa513a24eb3dc4c7860ab8007ee img/flags/tf.png
290e09160bb2ef42ba8129a41159eb07 img/flags/ye.png
f46c7cd7b2474cbcf61c5b2007a7558f img/flags/yt.png
159c85011041bea6bd3c68b6ba2919d7 img/flags/mz.png
c2dc0a2062b24f906431337186888f01 img/flags/gp.png
815b6d2bf60a3179c0652f0b6895bcbb img/flags/cz.png
64795009d69b36b6a4461b8159dcf356 img/flags/pa.png
63c6fd073106c8b0eb7336d9c19653a2 img/flags/mc.png
e59d18e48cf0924687618bbf60ea4fee img/flags/pf.png
d951cb1c43a8077167b731a1aea70b6c img/flags/ml.png
e4dcc857f534b48e8377ee36f63be013 img/flags/pn.png
179cc39a58e324df1e9a19a5eae9dca0 img/flags/nz.png
a82ff00f39eff54062328b4474c33dbc img/flags/cn.png
68d5f99924c67ef7d3b3aa32ff22b805 img/flags/ps.png
96e49204e758277b6720584c4d844ecc img/flags/as.png
7c5bc720b2cf3047c9fab800e271eec9 img/flags/al.png
390af4c36d462bbf2627a1182946825a img/flags/ag.png
f5cdc865bf36948532707c42e716e14a img/flags/cm.png
f2bff7cd01d8eff6401e811f3de6af4f img/flags/pw.png
24c90cfb0c883f9d1b303276c3b069e7 img/flags/mv.png
38afe5a0e9817027e1f1615028aca521 img/flags/io.png
2fba49c88880e9ffcff947015cb7ab9c img/flags/au.png
bfddbc2aae078e0aa80633f784e18526 img/flags/ms.png
3bd18971ec170e6e9c461026068508da img/flags/pk.png
c6c853766dfbab2ddd225980d3012f5c img/flags/sv.png
fad0e96c20f20be196499d26a6c74cd1 img/flags/pl.png
ae7c58272ae46cde945ccc4bed00fe9e img/flags/af.png
d1ed0462edb8cbc3220b7aca250b0437 img/flags/pe.png
08cf0788a582710062140f69887300fc img/flags/ai.png
c95b9175142cd29177a9b25e16c3fc39 img/flags/vi.png
ffce5e64df4d367a20e1ef4033f60257 img/flags/europeanunion.png
95efec9db9d274d25fbb98eb53a9c384 img/flags/lt.png
34e2a72a9cb9e873db413b020d7f1845 img/flags/cd.png
0868c49000b253d9b4f290471898c961 img/flags/hr.png
4adb9a834188753731add527aa4f67f0 img/flags/mn.png
389d0451c5c2ff40e88a93588dcbd6f1 img/flags/hk.png
e70409285b72ac2ebd8d6ee1849e4083 img/flags/ck.png
c936b9f794def7d85fbb4c120d68684e img/flags/ma.png
2f4edfdcba4cdb3fa903047a235f3296 img/flags/cv.png
d6693ce2a6346b2da89ceda335554e0a img/flags/es.png
3375d707535d69248f0ab23ef80268c8 img/flags/la.png
192033ce169b1b107dc4aabb1f635c1c img/flags/kg.png
605884cec6f446d418a092c0941acad5 img/flags/sa.png
86cc1aa337ebb6cb74a2c3196770a7f5 img/flags/wf.png
9d5366e9b01d5cd428429e608433d5f3 img/flags/cu.png
77b2183ab10cd26ee4e79fdfc12b8621 img/flags/bg.png
4be2ffc4d06de407434a877dc03ff88b img/flags/so.png
ad8bf708e9db5fa423b5da123c914378 img/flags/nc.png
5e4b74f8a611742bdc3a04629e871eb4 img/flags/sb.png
62bf1a5653692b34b2ee1f734a59b062 img/flags/at.png
197e6fc2579eec8bcd7303393de841ba img/flags/dj.png
d94ea79a5a8e0b6900941a1271c58191 img/flags/si.png
9a2f682db640f1c36ee40f296f63dc87 img/flags/nu.png
82ad2104b5490e1f6adfcfa777ab8243 img/flags/mm.png
6186550ebc77b1c51cd3ae37e78c33c1 img/flags/nl.png
384e9d38421a6853f9c35d48d8c49a85 img/flags/gt.png
c624a221dae959256a3e143a5147f825 img/flags/nf.png
a582c95e205f76277afa1571940121cd img/flags/jm.png
f43a5f35488513de58e2e5fbda9a98db img/flags/ni.png
39cfe476621ad630cf3418c3234f0594 img/flags/iq.png
501a5fab662d127ad588825cd0cd4954 img/flags/sn.png
f02d8deb9de271cd246646872798af15 img/flags/bd.png
56e3c1b483bf27e619146b50ee5181bc img/flags/sm.png
48f68aaeefaa3b8ee7ce1f1761e6c11d img/flags/pg.png
48e42d0d1451e7b19b7b79d631a3a95c img/flags/ie.png
f226df74a3c9a859d7009008f4e767b5 img/prev.png
4be9285f25a846672c88cc5a1b6af727 img/engines/yahoo.png
89c7b9ed8807d14ea81e9029865fd54f img/engines/ask.png
789d7f1c44a41c860488a32e3344165e img/engines/poisk.png
b247e4ac4ba426f1cf195c58abbeffe1 img/engines/rambler.png
6e1d689b9dbc6c619ec223ae3eaf7fd8 img/engines/about.png
8a45f0d1985237b3504186eb7d29663f img/engines/aport.png
77dbe57ee05308af88edd61e136cf094 img/engines/nigma.png
5e21f1ab5f86133932ce29c11289c37a img/engines/walla.png
fbd37f0eb4739a67355bc0b847ccbe93 img/engines/eniro.png
a29eee33b3e8b1562bcd9234fab03721 img/engines/seznam.png
63ee7f1dfa3e4a122cdd1531042f154e img/engines/atlas.cz.png
9558dc2725e2e335acede53d0a19b9e4 img/engines/google.png
79de78ac52f9edb772dfc48f6cfe1fa8 img/engines/bing.png
1b4a41cbecd8d15ade82bbadc8d05840 img/engines/mailru.png
5fe8f436acebd108c2022d25af603e0f img/engines/alexa.png
8a495fc6eae0ff6aa23e4acbafaedd3d img/engines/msn.png
507d1cd7ad0d081c3a47d0ba9ae31fc0 img/engines/sesam.no.png
1e065c221c1c85157d4f7e3a6c56d24c img/engines/yandex.png
ad2257bad23ccba414d3617117b002f5 img/engines/sapo.png
6181d9a27f7ca51cc789f26bd0252ec1 img/engines/baidu.png
980c0ea515f6371554c13f2a1b444cd3 img/engines/aol.png
aa1f1ea1d444f70875aa0dddae0478da img/engines/altavista.png
b340fa1881cd4f98d6edb30b352f3474 img/engines/neti.png
82bc4b1d8d5e7d04a865d73b4f696471 img/engines/abcsok.no.png
4c9d8f25b55840acdaa9d526cb683b23 img/engines/lycos.png
f4b08e5dbe8f454cf63c29116213ff21 img/engines/kvasir.no.png
3e1a166f6c1acf5a9b050d894cabc32d img/engines/webalta.png
752b3c6c6684c8f69086f8c28012c88d img/engines/centrum.cz.png
3288e1185138bc9f479fee4835df07d2 img/engines/excite.png
57c0bbff006b494243e433e9fd5c3aa5 img/firestats-header.png
ef11785ab2e793cae91b8b8354a19065 img/help.blue.png
8015b14f16fd63e8e7bb1314d1a25a26 img/firestats-icon-small.png
c58f706c983470920dea2544c9fe867e img/add.png
228d8fac9f39da2b5f75fc9c530a90d8 img/browsers/palm.png
b28a14741d3f2a96c58cc039438a03c6 img/browsers/webpro.png
c3e6193376e76298d98ebc0452cd2ffe img/browsers/openbsd.png
7d7224855925ce7c9610f4a811654def img/browsers/camino.png
a1c37abdc1183b6d06f906754e95701f img/browsers/redhat.png
35ebe25db22ef32f0e456b2b1cb59462 img/browsers/xiino.png
8519783f859c52f2b1026ae071962c3e img/browsers/galeon.png
250abfe0f2bad4d5c8dfdf7e19a707a0 img/browsers/netbsd.png
68d552debbff3c41412344e4be085e21 img/browsers/sonyericsson.png
307e022b8c32d81b7a7a3ea98173753d img/browsers/debian.png
d737017ce291dccca322118e0de9ddd2 img/browsers/icab.png
09ed784d13794503b1872d218920434d img/browsers/kazehakase.png
457114252e5d27519f828b39cbbb7ec3 img/browsers/blackberry.png
55126cd1eb1fc6742b9dc9848d91eb76 img/browsers/chrome.png
ecef6168845831d3f9db8a8c09f3fc42 img/browsers/dillo.png
a3dba0f0e035f2eb294345a89586afe9 img/browsers/windows.png
eb5580257aff172bc87d4a771fbd081d img/browsers/netfront.png
0069be1df1a74269bf066ed66245c270 img/browsers/opera.png
0a396e854e86778021136a472402a1d7 img/browsers/o2.png
757e154439cef1cecb6c9a15897ac28c img/browsers/epiphany.png
86f1f0f0ec664436050756601343308b img/browsers/docomo.png
a7f14dd5c8ac4ec7ef545b929798a004 img/browsers/windows_win7.png
29f13a94bbcf2a1ac7327c1e281c4c23 img/browsers/motorola.png
9204d01949d15b72f9b49c53c02d3f29 img/browsers/netscape.png
157ae1b1e1286b367c0927a929d8a9d3 img/browsers/drupal.png
62fc56c4f88ede7f9d310b605e08b6eb img/browsers/flock.png
307110137b34649faa10fbaa85f9eb51 img/browsers/sony-psp.png
92736a935da40806deced99a83fcf89c img/browsers/symbian.png
7dc7b38dca753ee7127e9c7a8b8dfce8 img/browsers/novell.png
acc1060f823f10cb0d94812f0263f263 img/browsers/freebsd.png
ea2abff32df413d29fcd426815dfdf50 img/browsers/suse.png
f247d0e467bf9b4c7fa8cae07c315b0d img/browsers/orange.png
971788f71b271df99e97622c69b370f5 img/browsers/wp.png
346888a1ea2c830ae0bf7b35314f98f8 img/browsers/windows_vista.png
dff4945a35f4c9682e760e5bedfe9b35 img/browsers/safari.png
8c005ec2b038c81d0c878d8e75e413be img/browsers/konqueror.png
215d8a8babbd44e27aeed8b3e270a4d8 img/browsers/mt.png
e1bffc228d5a01bc9525789cd9310e16 img/browsers/macos.png
9d977cb0f1ec3facc7b38ba2f62f5136 img/browsers/lynx.png
f5a3c6b1e6967bac25324c676f1fb46a img/browsers/pardus.png
6171cb348434b219a591421a327d5acd img/browsers/nokia.png
9e33e9046872f0f086a33a150f3cb610 img/browsers/kmeleon.png
cd55f4835998ed922fac0b0d0ee922fb img/browsers/netpositive.png
6be6d3bcf8ea943710845df853d02eae img/browsers/sun.png
bdacd71e169bad66a607cd4300db200f img/browsers/universe.png
4b3e1cec45e7fcdf1a4af2a91013436c img/browsers/shiira.png
0874c35f7184a432da207a13c3243cff img/browsers/mandrake.png
5b6389b0fcf8c5c083379cc329364b49 img/browsers/omniweb.png
370f4fdf952c3a65d5b51bb535952c07 img/browsers/fedora.png
3fe5bcf671d6eb8a3216457f3ed67886 img/browsers/ubuntu.png
9b1aac1cf86c9e64607bcdb053997c05 img/browsers/typepad.png
35276857b6ee18f1eb89663bc6c5a14b img/browsers/unknown.png
ac04e903c52a022e7186dbc7597eb571 img/browsers/mozilla.png
4e558fcfd9799271569093ff85fb9e93 img/browsers/firefox.png
4786dd26016c5a7506d06482ae522700 img/browsers/php.png
bac03b0580711779e480873841092bd7 img/browsers/seamonkey.png
87bd156f05a0eeeadc0f13b887a51151 img/browsers/samsung.png
2ba30e1911067b0eebccd39cd729b5e9 img/browsers/anonymouse.png
f353aab182b5856f117b09e10863b9f2 img/browsers/gentoo.png
67d8a053fc5606765eac777c74b4cd0e img/browsers/avantbrowser.png
346888a1ea2c830ae0bf7b35314f98f8 img/browsers/vista.png
e4724d858890eb71ed0008fc0d4d081c img/browsers/linux.png
07ee13fd0a502666a21fca246d8cc998 img/browsers/java.png
7c1e0fb372cb31e567b4e9170465c442 img/browsers/openwave.png
69998211255e48bd5d66ea189164ad72 img/browsers/danger.png
45706c5ad6c27b202585370efd9243c3 img/browsers/slackware.png
5f8b541c6aea4b36260d60f3a4ea0d0d img/browsers/siemens.png
b2d669553cf6d89b0ba14a167709640f img/browsers/lg.png
82277250cd31693b187257db187c89d8 img/browsers/blazer.png
89c1efd9951ffb0656e84377451a0fb8 img/browsers/others.png
42448ac3052e5bbb2015a5009e51fb72 img/browsers/nintendo-wii.png
cd038aae3e9a73e7bf720370b77f7b39 img/browsers/dopod.png
e417e849db465991901b941159fc0f42 img/browsers/ie.gif
cc2f9d90dc4deb70470ec23cf15e8917 img/browsers/arora.png
882c9f7cd0950c9c81599dad57961cf2 img/browsers/ie.png
9734a16f1cca5aaf68a2b6c97191445e img/bullet.gif
885ac8681ca0855c6750063c57ae5ae1 img/edit.png
e6c8b1c6db50db66bf04da9bbbe3ee0e img/fade-butt.png
a0ada2f8f972dea93099ae4c3cf0a32b img/up-arrow.png
89c1efd9951ffb0656e84377451a0fb8 img/others.png
5a97683cfe3bf39b802b0b1f4214a03e img/next.png
cd896db3088833c2e1d4d63f743f1fae img/configure.png
eee9605f13a2d13f19fa4262c241bfff css/page-sites.css.php
b6c531fb7811ccc845bce68768ede975 css/base.css.php
7f705bf59864544bc61da59d37cb541c css/ie6-hacks.css
905b0407d8ef7400c0781001527d7f1a css/ie-hacks.css
85d98480e7dfc8096b56d9abd8ffabc9 css/mktree.css.php
3e876247176d2fdee937a89dc7f55ec3 css/page-users.css.php
0f125bd44200d44488fcc91b12ae33dc js/page-wordpress-settings.js.php
b59a31c78621d48108936cb28a2cab8b js/firestats.js.php
b6d589e3b6c04b56dd57bd8c9eea9666 js/page-database.js.php
da75e9607e5749af4df012f3e424dbe8 js/page-users.js.php
e4556a19c2d500e803a13e59da0a718a js/page-sites.js.php
943f433a5f6b01760dde82be62481bcb js/fs.js.php
725cd09eb6cca738be202daa99d2d328 js/prototype.js
08c3dc86678d37839f80e12e91bf58bb js/mktree.js
5a0a4631e33036c4226155e741a50604 js/page-settings.js.php
8ce56065887cd17989994a78fd7b95ef lib/http/LICENSE.txt
602655e8c3c1b7528714648d8de68d0f lib/http/http.php
bf12be9058cfb32d2b82eda4fd995677 lib/sync/mutex.php
84b693851099f088a2664678584462ac lib/sync/test.php
c68d0b9ecc4798ac5ee75da85f33227b lib/dhtml-windows/images/middle_right.gif
3e48ad0dcf948ebce5690d6ecb11a246 lib/dhtml-windows/images/top_right.gif
a1780cbdeb5f91d16419adea743775b8 lib/dhtml-windows/images/bottom_bg.gif
bcb1ac20a7913bbc69d51bf59f0ed7b4 lib/dhtml-windows/images/bottom_left.gif
8f0e785264bff3bc9ecf8063d98abe81 lib/dhtml-windows/images/top_center.gif
43a90afd2988e2eedc5a01ecad01e52f lib/dhtml-windows/images/minimize.gif
c423db3956df8b5e8aa5b36b72101c4d lib/dhtml-windows/images/bottom_right.gif
0dc5ba70a1b0e330e14690eaad497189 lib/dhtml-windows/images/top_left.gif
e139dfba49fbc73d5af6b8d005cd68f7 lib/dhtml-windows/images/close.gif
a77e5a24dd68e78059a64d685726312c lib/dhtml-windows/images/bottom_center.gif
3704d620475c3df4320255b272460fb6 lib/dhtml-windows/images/maximize.gif
11164eae2a95d3c30f71e88c5cca2174 lib/dhtml-windows/images/middle_left.gif
bb43720b097b13325bc6c49e1d6b557e lib/dhtml-windows/css/floating-window.css
f61f4397c3f3a664f4a793dc7b12ad1c lib/dhtml-windows/js/floating-window.js
391e1442721d3c66ebf1cee6a073017f lib/dhtml-windows/js/ajax.js
a14650efdb85590a807ded2c7f3ec578 lib/dhtml-windows/lgpl.txt
f56acdc0f701719c4a6e27484c21fbef lib/unzip/documentation.txt
17745667aa36adea95a1db131c62b43d lib/unzip/dZip.inc.php
d820fa69e142f03f32f5501c5e4feaa5 lib/unzip/dUnzip2.inc.php
f572694efc44fa58b7ca7adf100fea7d lib/json/LICENSE
e01297df6537d399240e2d2fdda80395 lib/json/JSON.php
b44e2c25ff56efaa6e37d84df202e5d5 lib/jscalendar-1.0/calendar-green.css
ec69465f70d45213258fe1f89c52eceb lib/jscalendar-1.0/skins/aqua/theme.css
851134e42206fd3b173a3db654981bb6 lib/jscalendar-1.0/skins/aqua/normal-bg.gif
8d652fc5b683706fcbbf1103131c6ac2 lib/jscalendar-1.0/skins/aqua/title-bg.gif
9befc7d912cad22ddf2ec3fc21188bfd lib/jscalendar-1.0/skins/aqua/today-bg.gif
123882ca533030f07ee55c3818fc46b9 lib/jscalendar-1.0/skins/aqua/status-bg.gif
803ac4dbc56c05739f515d6ac6a66163 lib/jscalendar-1.0/skins/aqua/hover-bg.gif
f8fb9f2b7428c94b41320aa1bc9cf601 lib/jscalendar-1.0/skins/aqua/active-bg.gif
949f6a11667cbdfbb96f8986464ba81b lib/jscalendar-1.0/skins/aqua/dark-bg.gif
c097de7289bcf68723e89c248b9a2749 lib/jscalendar-1.0/skins/aqua/rowhover-bg.gif
1f8c673c8f76832febaeeac88a5f4353 lib/jscalendar-1.0/skins/aqua/menuarrow.gif
1f8c673c8f76832febaeeac88a5f4353 lib/jscalendar-1.0/menuarrow2.gif
c1e5255bd358fcd5a0779a0cc310a2fe lib/jscalendar-1.0/img.gif
fd9642de3aabf0deb3ee8f383d86dc62 lib/jscalendar-1.0/README
d49b44b03d146767608a6f1df509df17 lib/jscalendar-1.0/bugtest-hidden-selects.html
b8bb29e3c1573d0d2917cd3112b5052d lib/jscalendar-1.0/calendar-blue.css
fa3baa9367504954ef03c1f05d44f1a6 lib/jscalendar-1.0/calendar-tas.css
332d8bc7dab6acd575dba49a15b62947 lib/jscalendar-1.0/calendar-win2k-2.css
1bd1051973ea17f452fd8fe966940452 lib/jscalendar-1.0/calendar-setup_stripped.js
4277cb76205518e0f94f3326359f1376 lib/jscalendar-1.0/lang/calendar-fr.js
65fc5963bf1f044c7f0d89be381cb87a lib/jscalendar-1.0/lang/calendar-af.js
7febff1ea9038cf0ebb5ab31e0fc0660 lib/jscalendar-1.0/lang/calendar-ca.js
4b1a627631f4cebbc4e7ddc7bef547f9 lib/jscalendar-1.0/lang/calendar-big5-utf8.js
82ab1eabcc24cba821b950d12aaba8b3 lib/jscalendar-1.0/lang/calendar-du.js
0a5fea2b4f03bca80b2e6b33be34077f lib/jscalendar-1.0/lang/calendar-lt-utf8.js
882d6304a6dbc95442719b544d5af704 lib/jscalendar-1.0/lang/calendar-ko.js
4e198fc2097b8e1009e1ff15292f65c5 lib/jscalendar-1.0/lang/calendar-zh.js
42651623911a76198ff71aee341e4468 lib/jscalendar-1.0/lang/calendar-pt.js
7acede8c6d0c58c3f2cea0ae44e03b72 lib/jscalendar-1.0/lang/calendar-he-utf8.js
34021fbb43c5d6b7b08387ab48f8d0d0 lib/jscalendar-1.0/lang/calendar-ru.js
7cc8e0093669964e7fc8b277bf10465d lib/jscalendar-1.0/lang/calendar-bg.js
030aac142138e889feb07d9923a2d967 lib/jscalendar-1.0/lang/calendar-lv.js
2510b6214a3af4eae007c544c2039e3c lib/jscalendar-1.0/lang/calendar-pl.js
6e5553b9255b0bc732d7086141ed75ad lib/jscalendar-1.0/lang/calendar-sk.js
8d3bc284f3c2bfad26b38c6224fbc1ca lib/jscalendar-1.0/lang/calendar-hr-utf8.js
a0cf3c45837fcaa8bd5c4002f9f04c40 lib/jscalendar-1.0/lang/calendar-lt.js
8b21fd007c639836fbfc367b80ba0c30 lib/jscalendar-1.0/lang/calendar-big5.js
d9f1aa760d901d8f47e84ca5f1d702f6 lib/jscalendar-1.0/lang/calendar-sv.js
5a13327a095028b18d6678bba1c3d005 lib/jscalendar-1.0/lang/calendar-el.js
4247a69fb75f5e2e3692544c16dbc245 lib/jscalendar-1.0/lang/calendar-pl-utf8.js
b625b59b514c7e4e31fec0ad09427cef lib/jscalendar-1.0/lang/calendar-de.js
f2012f0681bf06613bb471299f586b77 lib/jscalendar-1.0/lang/calendar-fi.js
aae73096c36ea99afa0574e7fc1015dc lib/jscalendar-1.0/lang/calendar-cs-utf8.js
22e61ea2378fca2c63e016b4f0fe7c3c lib/jscalendar-1.0/lang/calendar-es.js
94113cb9ca8d3a5794dab386ca25a8d6 lib/jscalendar-1.0/lang/calendar-ko-utf8.js
f0e854535207a29d8f931a6fc1da652d lib/jscalendar-1.0/lang/calendar-nl.js
d8a9252d505c8f23d27d9b811bb61cc5 lib/jscalendar-1.0/lang/calendar-br.js
eafcc535a2b4cc2843fe3657e675c8ad lib/jscalendar-1.0/lang/calendar-ru_win_.js
bbbb0d304d90b89fd7336538088f2ba0 lib/jscalendar-1.0/lang/calendar-tr.js
2085d58970714dcb754d08f7b214dd8b lib/jscalendar-1.0/lang/cn_utf8.js
47c72c68206ae11b2b4251029384bdf0 lib/jscalendar-1.0/lang/calendar-da.js
e6e47e67ff193154cd5539f5240cea49 lib/jscalendar-1.0/lang/calendar-sp.js
46811ee79796d2345bea2308475d1ec9 lib/jscalendar-1.0/lang/calendar-en.js
1ac73927c6165670dbfa903ca661258f lib/jscalendar-1.0/lang/calendar-cs-win.js
262ae300dc4b1ad182843190090d570d lib/jscalendar-1.0/lang/calendar-al.js
d83484bc04d8c14f339b6101a777c48f lib/jscalendar-1.0/lang/calendar-no.js
70d17cde282a5c213feb52f8419998fb lib/jscalendar-1.0/lang/calendar-it.js
60115feb9a040f73eff4c826a65e4be7 lib/jscalendar-1.0/lang/calendar-ro.js
ef1f74d68ca257175d36bdef9616faaa lib/jscalendar-1.0/lang/calendar-si.js
b47ddea3200306ace5d9493ef98eca8e lib/jscalendar-1.0/lang/calendar-jp.js
4b5ef48ba99444c528c92d295e9c7370 lib/jscalendar-1.0/lang/calendar-hu.js
e3c61212e6abc28844005381d8fe9690 lib/jscalendar-1.0/calendar-win2k-1.css
654dfacebcdd70c75ccaf2b4aee2d059 lib/jscalendar-1.0/calendar-blue2.css
9f1c9355228352baf2151cb6c071f2e3 lib/jscalendar-1.0/dayinfo.html
9b446e2ee0e9e4420fce20922405cec7 lib/jscalendar-1.0/calendar-system.css
cb902970e34e81acaaaa80b44d26ee2b lib/jscalendar-1.0/calendar.php
b5a91d7a2755198b2eb729541ad3288c lib/jscalendar-1.0/menuarrow.gif
4be3246dfc1ab2c452403852832f9f84 lib/jscalendar-1.0/calendar_stripped.js
3487ec4e054141057673d794ce6d1032 lib/jscalendar-1.0/calendar-win2k-cold-2.css
b0810ce949e6c954c54053c52b21e74a lib/jscalendar-1.0/calendar-win2k-cold-1.css
f326a6a84037e549a9cd71a92346f210 lib/jscalendar-1.0/calendar-brown.css
b94cb9ab96ca4ebcff9097416bb95ee1 lib/ezsql/mysql/ez_sql_mysql.php
76e5c11412700eb999aae21e926615fe lib/ezsql/shared/ez_sql_core.php
afa572cd47da5c73d2a9a2e09ce3687d lib/ezsql/shared/readme_debughack_0.2alpha.txt
0d968c09ab97a3da97459ca1961dc2b2 lib/tabber/example2.html
55b3d74d3ab1810f487d51578fb95002 lib/tabber/tabber.js
bfecea8a3595535e96a831680964f54a lib/tabber/example-ajax.html
2e41177f40fdb59bfed03ddab72ef68f lib/tabber/example-cookies.html
07bc84b10783073f5eb6e26631c17f51 lib/tabber/example-ajax-1.html
95cd98676c73189fa5f8fe34ada4d446 lib/tabber/example.html
50c76235c4fea41f22124e7f71bd30f2 lib/tabber/example.css
4dc722c4589ab0ac74942d3b68e533da lib/tabber/tabber-minimized.js
0a3847665e625d96c132a862f2ba04d7 lib/tabber/example-ajax-2.html
5d3d8f06b822b728b2ddf5374a528fc7 lib/tabber/example-ajax-0.html
5fb550a0e94c23c15bf19f26dda44b63 lib/utf8-encoder/cp874.dat
862efbc1452f82d13b080c6ce2d9521b lib/utf8-encoder/cp1254.dat
4ac31a376336bf34327559888881ef66 lib/utf8-encoder/cp1253.dat
e87f6c6466433f6d73488a5ec9052fae lib/utf8-encoder/codepage-tables/CP1251.TXT
aa4b80ced331230f465111b0c2adc08c lib/utf8-encoder/codepage-tables/CP1252.TXT
a944cd5577be8147a27c0cc414ea6b74 lib/utf8-encoder/codepage-tables/CP1253.TXT
36c5847dc599c5062b140ea1a4973827 lib/utf8-encoder/codepage-tables/CP1250.TXT
589cd98c6e2e8453616fdbb2b68be7aa lib/utf8-encoder/codepage-tables/CP1254.TXT
12e09bd6c9c501b55e0f27acaf60c672 lib/utf8-encoder/codepage-tables/ISO8859-1.TXT
53ece6ae1fc70a1424fcd48d1e9a31d7 lib/utf8-encoder/codepage-tables/CP1258.TXT
08502e6e0d03f7f66209ebb6069ee57e lib/utf8-encoder/codepage-tables/CP1257.TXT
7ca92c01e18964d745b4e1255f9694fb lib/utf8-encoder/codepage-tables/CP1255.TXT
a701f998c5123f62c1b26116acb0a35d lib/utf8-encoder/codepage-tables/CP1256.TXT
5543190a0000ad1a4ea10afb9f9c82c6 lib/utf8-encoder/codepage-tables/CP874.TXT
a389d6af87533008244cb0e55fdb529f lib/utf8-encoder/cp1251.dat
f307aedd71096bfd012f64ea459c10c3 lib/utf8-encoder/cp1258.dat
30dca171c5ab01f6bce8ae394dfe09be lib/utf8-encoder/cp1250.dat
03742ca624edcf4eaf31bb8d836354da lib/utf8-encoder/cp1252.dat
6cf690556feec100b80760a88afd6f86 lib/utf8-encoder/utf8-encoder.php
54f6165974c0637240f79ff6b2e1c3fe lib/utf8-encoder/build_codepage_maps.php
8e34e3b6069d1411df0c9fb4b2a2ed6b lib/utf8-encoder/cp1257.dat
7a6414930585ba305087a40095419afd lib/utf8-encoder/cp1255.dat
b28aa5850ecefa146981acc6f03a311c lib/utf8-encoder/cp1256.dat
5de16c89fe23ff8baa8707e7710e4137 lib/utf8-encoder/iso8859-1.dat
79808397c3355f163c012616125c9e26 lib/ip2c/GPL_V2
f2fc8df71a98b74af4c38b9af35ed168 lib/ip2c/README
7e5a92a2c8ce8d03601d31ca73456201 lib/ip2c/ip2c.php
f21399ef67a542a9a868ef5af0793e3e lib/ip2c/ip-to-country.bin
5df6693c8ec5628251ed56346e748261 lib/ip2c/db.version
3829ea79f09b653414cf9afd5909a89e lib/ip2c/ip2c.jar
54efab44ad28c7a3ccabf566b0fa7523 login.php
23ec02cb5cb7a81f0e41be6d9f330740 firestats-wordpress.php
ef906d5cad3f9c31e2ddbf941cab2567 LICENSE
